# JRE version: OpenJDK Runtime Environment (11.0.6+10) (build 11.0.6+10-post-Ubuntu-1ubuntu118.04.1)
# Java VM: OpenJDK 64-Bit Server VM (11.0.6+10-post-Ubuntu-1ubuntu118.04.1, mixed mode, sharing, tiered, compressed oops, g1 gc, linux-amd64)
Heap:
 garbage-first heap   total 122880K, used 41360K [0x00000000c4400000, 0x0000000100000000)
  region size 1024K, 21 young (21504K), 5 survivors (5120K)
 Metaspace       used 42762K, capacity 44600K, committed 44800K, reserved 1087488K
  class space    used 5822K, capacity 6542K, committed 6656K, reserved 1048576K
GC Heap History (20 events):
Event: 1,927 GC heap before
{Heap before GC invocations=6 (full 0):
 garbage-first heap   total 63488K, used 43866K [0x00000000c4400000, 0x0000000100000000)
  region size 1024K, 36 young (36864K), 4 survivors (4096K)
 Metaspace       used 17809K, capacity 18568K, committed 18816K, reserved 1064960K
  class space    used 2300K, capacity 2584K, committed 2688K, reserved 1048576K
}
Event: 1,931 GC heap after
{Heap after GC invocations=7 (full 0):
 garbage-first heap   total 76800K, used 11659K [0x00000000c4400000, 0x0000000100000000)
  region size 1024K, 4 young (4096K), 4 survivors (4096K)
 Metaspace       used 17809K, capacity 18568K, committed 18816K, reserved 1064960K
  class space    used 2300K, capacity 2584K, committed 2688K, reserved 1048576K
}
Event: 2,070 GC heap before
{Heap before GC invocations=7 (full 0):
 garbage-first heap   total 76800K, used 50571K [0x00000000c4400000, 0x0000000100000000)
  region size 1024K, 42 young (43008K), 4 survivors (4096K)
 Metaspace       used 17973K, capacity 18758K, committed 19072K, reserved 1064960K
  class space    used 2325K, capacity 2622K, committed 2688K, reserved 1048576K
}
Event: 2,073 GC heap after
{Heap after GC invocations=8 (full 0):
 garbage-first heap   total 76800K, used 12259K [0x00000000c4400000, 0x0000000100000000)
  region size 1024K, 4 young (4096K), 4 survivors (4096K)
 Metaspace       used 17973K, capacity 18758K, committed 19072K, reserved 1064960K
  class space    used 2325K, capacity 2622K, committed 2688K, reserved 1048576K
}
Event: 2,334 GC heap before
{Heap before GC invocations=8 (full 0):
 garbage-first heap   total 76800K, used 54243K [0x00000000c4400000, 0x0000000100000000)
  region size 1024K, 45 young (46080K), 4 survivors (4096K)
 Metaspace       used 18851K, capacity 19747K, committed 19968K, reserved 1067008K
  class space    used 2461K, capacity 2780K, committed 2816K, reserved 1048576K
}
Event: 2,338 GC heap after
{Heap after GC invocations=9 (full 0):
 garbage-first heap   total 76800K, used 12242K [0x00000000c4400000, 0x0000000100000000)
  region size 1024K, 3 young (3072K), 3 survivors (3072K)
 Metaspace       used 18851K, capacity 19747K, committed 19968K, reserved 1067008K
  class space    used 2461K, capacity 2780K, committed 2816K, reserved 1048576K
}
Event: 2,533 GC heap before
{Heap before GC invocations=9 (full 0):
 garbage-first heap   total 76800K, used 43986K [0x00000000c4400000, 0x0000000100000000)
  region size 1024K, 35 young (35840K), 3 survivors (3072K)
 Metaspace       used 20255K, capacity 21112K, committed 21248K, reserved 1067008K
  class space    used 2677K, capacity 2996K, committed 3072K, reserved 1048576K
}
Event: 2,538 GC heap after
{Heap after GC invocations=10 (full 0):
 garbage-first heap   total 76800K, used 12931K [0x00000000c4400000, 0x0000000100000000)
  region size 1024K, 4 young (4096K), 4 survivors (4096K)
 Metaspace       used 20255K, capacity 21112K, committed 21248K, reserved 1067008K
  class space    used 2677K, capacity 2996K, committed 3072K, reserved 1048576K
}
Event: 2,826 GC heap before
{Heap before GC invocations=11 (full 0):
 garbage-first heap   total 76800K, used 54915K [0x00000000c4400000, 0x0000000100000000)
  region size 1024K, 45 young (46080K), 4 survivors (4096K)
 Metaspace       used 23221K, capacity 24243K, committed 24448K, reserved 1071104K
  class space    used 3058K, capacity 3428K, committed 3456K, reserved 1048576K
}
Event: 2,834 GC heap after
{Heap after GC invocations=12 (full 0):
 garbage-first heap   total 92160K, used 14843K [0x00000000c4400000, 0x0000000100000000)
  region size 1024K, 5 young (5120K), 5 survivors (5120K)
 Metaspace       used 23221K, capacity 24243K, committed 24448K, reserved 1071104K
  class space    used 3058K, capacity 3428K, committed 3456K, reserved 1048576K
}
Event: 3,085 GC heap before
{Heap before GC invocations=12 (full 0):
 garbage-first heap   total 92160K, used 63995K [0x00000000c4400000, 0x0000000100000000)
  region size 1024K, 53 young (54272K), 5 survivors (5120K)
 Metaspace       used 26655K, capacity 27767K, committed 28032K, reserved 1073152K
  class space    used 3507K, capacity 3948K, committed 3968K, reserved 1048576K
}
Event: 3,094 GC heap after
{Heap after GC invocations=13 (full 0):
 garbage-first heap   total 92160K, used 16637K [0x00000000c4400000, 0x0000000100000000)
  region size 1024K, 6 young (6144K), 6 survivors (6144K)
 Metaspace       used 26655K, capacity 27767K, committed 28032K, reserved 1073152K
  class space    used 3507K, capacity 3948K, committed 3968K, reserved 1048576K
}
Event: 3,430 GC heap before
{Heap before GC invocations=13 (full 0):
 garbage-first heap   total 92160K, used 64765K [0x00000000c4400000, 0x0000000100000000)
  region size 1024K, 54 young (55296K), 6 survivors (6144K)
 Metaspace       used 30817K, capacity 32243K, committed 32512K, reserved 1077248K
  class space    used 4166K, capacity 4763K, committed 4864K, reserved 1048576K
}
Event: 3,438 GC heap after
{Heap after GC invocations=14 (full 0):
 garbage-first heap   total 92160K, used 18431K [0x00000000c4400000, 0x0000000100000000)
  region size 1024K, 4 young (4096K), 4 survivors (4096K)
 Metaspace       used 30817K, capacity 32243K, committed 32512K, reserved 1077248K
  class space    used 4166K, capacity 4763K, committed 4864K, reserved 1048576K
}
Event: 3,679 GC heap before
{Heap before GC invocations=14 (full 0):
 garbage-first heap   total 92160K, used 53247K [0x00000000c4400000, 0x0000000100000000)
  region size 1024K, 40 young (40960K), 4 survivors (4096K)
 Metaspace       used 34241K, capacity 35706K, committed 35840K, reserved 1079296K
  class space    used 4618K, capacity 5230K, committed 5248K, reserved 1048576K
}
Event: 3,689 GC heap after
{Heap after GC invocations=15 (full 0):
 garbage-first heap   total 92160K, used 21366K [0x00000000c4400000, 0x0000000100000000)
  region size 1024K, 7 young (7168K), 7 survivors (7168K)
 Metaspace       used 34241K, capacity 35706K, committed 35840K, reserved 1079296K
  class space    used 4618K, capacity 5230K, committed 5248K, reserved 1048576K
}
Event: 4,149 GC heap before
{Heap before GC invocations=16 (full 0):
 garbage-first heap   total 92160K, used 67446K [0x00000000c4400000, 0x0000000100000000)
  region size 1024K, 52 young (53248K), 7 survivors (7168K)
 Metaspace       used 37577K, capacity 39199K, committed 39296K, reserved 1083392K
  class space    used 5098K, capacity 5750K, committed 5760K, reserved 1048576K
}
Event: 4,163 GC heap after
{Heap after GC invocations=17 (full 0):
 garbage-first heap   total 122880K, used 23249K [0x00000000c4400000, 0x0000000100000000)
  region size 1024K, 6 young (6144K), 6 survivors (6144K)
 Metaspace       used 37577K, capacity 39199K, committed 39296K, reserved 1083392K
  class space    used 5098K, capacity 5750K, committed 5760K, reserved 1048576K
}
Event: 4,743 GC heap before
{Heap before GC invocations=17 (full 0):
 garbage-first heap   total 122880K, used 86737K [0x00000000c4400000, 0x0000000100000000)
  region size 1024K, 68 young (69632K), 6 survivors (6144K)
 Metaspace       used 41946K, capacity 43729K, committed 43904K, reserved 1087488K
  class space    used 5698K, capacity 6424K, committed 6528K, reserved 1048576K
}
Event: 4,750 GC heap after
{Heap after GC invocations=18 (full 0):
 garbage-first heap   total 122880K, used 26000K [0x00000000c4400000, 0x0000000100000000)
  region size 1024K, 5 young (5120K), 5 survivors (5120K)
 Metaspace       used 41946K, capacity 43729K, committed 43904K, reserved 1087488K
  class space    used 5698K, capacity 6424K, committed 6528K, reserved 1048576K
}

