# JRE version: OpenJDK Runtime Environment (11.0.6+10) (build 11.0.6+10-post-Ubuntu-1ubuntu118.04.1)
# Java VM: OpenJDK 64-Bit Server VM (11.0.6+10-post-Ubuntu-1ubuntu118.04.1, mixed mode, sharing, tiered, compressed oops, g1 gc, linux-amd64)
Heap:
 garbage-first heap   total 93184K, used 54046K [0x00000000c4400000, 0x0000000100000000)
  region size 1024K, 31 young (31744K), 3 survivors (3072K)
 Metaspace       used 46677K, capacity 48637K, committed 48896K, reserved 1091584K
  class space    used 6289K, capacity 7055K, committed 7168K, reserved 1048576K
GC Heap History (20 events):
Event: 9,188 GC heap before
{Heap before GC invocations=10 (full 0):
 garbage-first heap   total 63488K, used 27226K [0x00000000c4400000, 0x0000000100000000)
  region size 1024K, 18 young (18432K), 3 survivors (3072K)
 Metaspace       used 20289K, capacity 21141K, committed 21248K, reserved 1067008K
  class space    used 2691K, capacity 3027K, committed 3072K, reserved 1048576K
}
Event: 9,193 GC heap after
{Heap after GC invocations=11 (full 0):
 garbage-first heap   total 63488K, used 13389K [0x00000000c4400000, 0x0000000100000000)
  region size 1024K, 3 young (3072K), 3 survivors (3072K)
 Metaspace       used 20289K, capacity 21141K, committed 21248K, reserved 1067008K
  class space    used 2691K, capacity 3027K, committed 3072K, reserved 1048576K
}
Event: 9,529 GC heap before
{Heap before GC invocations=12 (full 0):
 garbage-first heap   total 63488K, used 47181K [0x00000000c4400000, 0x0000000100000000)
  region size 1024K, 36 young (36864K), 3 survivors (3072K)
 Metaspace       used 22640K, capacity 23635K, committed 23936K, reserved 1069056K
  class space    used 2996K, capacity 3353K, committed 3456K, reserved 1048576K
}
Event: 9,537 GC heap after
{Heap after GC invocations=13 (full 0):
 garbage-first heap   total 63488K, used 14767K [0x00000000c4400000, 0x0000000100000000)
  region size 1024K, 4 young (4096K), 4 survivors (4096K)
 Metaspace       used 22640K, capacity 23635K, committed 23936K, reserved 1069056K
  class space    used 2996K, capacity 3353K, committed 3456K, reserved 1048576K
}
Event: 10,193 GC heap before
{Heap before GC invocations=13 (full 0):
 garbage-first heap   total 63488K, used 47535K [0x00000000c4400000, 0x0000000100000000)
  region size 1024K, 36 young (36864K), 4 survivors (4096K)
 Metaspace       used 25286K, capacity 26414K, committed 26624K, reserved 1073152K
  class space    used 3330K, capacity 3746K, committed 3840K, reserved 1048576K
}
Event: 10,202 GC heap after
{Heap after GC invocations=14 (full 0):
 garbage-first heap   total 76800K, used 16402K [0x00000000c4400000, 0x0000000100000000)
  region size 1024K, 4 young (4096K), 4 survivors (4096K)
 Metaspace       used 25286K, capacity 26414K, committed 26624K, reserved 1073152K
  class space    used 3330K, capacity 3746K, committed 3840K, reserved 1048576K
}
Event: 10,746 GC heap before
{Heap before GC invocations=14 (full 0):
 garbage-first heap   total 76800K, used 52242K [0x00000000c4400000, 0x0000000100000000)
  region size 1024K, 39 young (39936K), 4 survivors (4096K)
 Metaspace       used 27358K, capacity 28583K, committed 28800K, reserved 1073152K
  class space    used 3636K, capacity 4115K, committed 4224K, reserved 1048576K
}
Event: 10,751 GC heap after
{Heap after GC invocations=15 (full 0):
 garbage-first heap   total 76800K, used 17387K [0x00000000c4400000, 0x0000000100000000)
  region size 1024K, 3 young (3072K), 3 survivors (3072K)
 Metaspace       used 27358K, capacity 28583K, committed 28800K, reserved 1073152K
  class space    used 3636K, capacity 4115K, committed 4224K, reserved 1048576K
}
Event: 11,337 GC heap before
{Heap before GC invocations=15 (full 0):
 garbage-first heap   total 76800K, used 56299K [0x00000000c4400000, 0x0000000100000000)
  region size 1024K, 41 young (41984K), 3 survivors (3072K)
 Metaspace       used 31258K, capacity 32713K, committed 32768K, reserved 1077248K
  class space    used 4233K, capacity 4834K, committed 4864K, reserved 1048576K
}
Event: 11,341 GC heap after
{Heap after GC invocations=16 (full 0):
 garbage-first heap   total 76800K, used 19102K [0x00000000c4400000, 0x0000000100000000)
  region size 1024K, 5 young (5120K), 5 survivors (5120K)
 Metaspace       used 31258K, capacity 32713K, committed 32768K, reserved 1077248K
  class space    used 4233K, capacity 4834K, committed 4864K, reserved 1048576K
}
Event: 11,783 GC heap before
{Heap before GC invocations=16 (full 0):
 garbage-first heap   total 76800K, used 53918K [0x00000000c4400000, 0x0000000100000000)
  region size 1024K, 40 young (40960K), 5 survivors (5120K)
 Metaspace       used 34240K, capacity 35773K, committed 35840K, reserved 1079296K
  class space    used 4621K, capacity 5230K, committed 5248K, reserved 1048576K
}
Event: 11,804 GC heap after
{Heap after GC invocations=17 (full 0):
 garbage-first heap   total 76800K, used 21788K [0x00000000c4400000, 0x0000000100000000)
  region size 1024K, 6 young (6144K), 6 survivors (6144K)
 Metaspace       used 34240K, capacity 35773K, committed 35840K, reserved 1079296K
  class space    used 4621K, capacity 5230K, committed 5248K, reserved 1048576K
}
Event: 12,531 GC heap before
{Heap before GC invocations=18 (full 0):
 garbage-first heap   total 76800K, used 58652K [0x00000000c4400000, 0x0000000100000000)
  region size 1024K, 42 young (43008K), 6 survivors (6144K)
 Metaspace       used 36973K, capacity 38654K, committed 39040K, reserved 1083392K
  class space    used 5018K, capacity 5697K, committed 5760K, reserved 1048576K
}
Event: 12,540 GC heap after
{Heap after GC invocations=19 (full 0):
 garbage-first heap   total 76800K, used 23653K [0x00000000c4400000, 0x0000000100000000)
  region size 1024K, 5 young (5120K), 5 survivors (5120K)
 Metaspace       used 36973K, capacity 38654K, committed 39040K, reserved 1083392K
  class space    used 5018K, capacity 5697K, committed 5760K, reserved 1048576K
}
Event: 13,059 GC heap before
{Heap before GC invocations=19 (full 0):
 garbage-first heap   total 76800K, used 58469K [0x00000000c4400000, 0x0000000100000000)
  region size 1024K, 40 young (40960K), 5 survivors (5120K)
 Metaspace       used 39572K, capacity 41307K, committed 41472K, reserved 1085440K
  class space    used 5371K, capacity 6064K, committed 6144K, reserved 1048576K
}
Event: 13,064 GC heap after
{Heap after GC invocations=20 (full 0):
 garbage-first heap   total 76800K, used 25306K [0x00000000c4400000, 0x0000000100000000)
  region size 1024K, 4 young (4096K), 4 survivors (4096K)
 Metaspace       used 39572K, capacity 41307K, committed 41472K, reserved 1085440K
  class space    used 5371K, capacity 6064K, committed 6144K, reserved 1048576K
}
Event: 13,423 GC heap before
{Heap before GC invocations=20 (full 0):
 garbage-first heap   total 76800K, used 60122K [0x00000000c4400000, 0x0000000100000000)
  region size 1024K, 38 young (38912K), 4 survivors (4096K)
 Metaspace       used 42007K, capacity 43738K, committed 44160K, reserved 1087488K
  class space    used 5716K, capacity 6426K, committed 6528K, reserved 1048576K
}
Event: 13,431 GC heap after
{Heap after GC invocations=21 (full 0):
 garbage-first heap   total 76800K, used 26651K [0x00000000c4400000, 0x0000000100000000)
  region size 1024K, 4 young (4096K), 4 survivors (4096K)
 Metaspace       used 42007K, capacity 43738K, committed 44160K, reserved 1087488K
  class space    used 5716K, capacity 6426K, committed 6528K, reserved 1048576K
}
Event: 19,113 GC heap before
{Heap before GC invocations=21 (full 0):
 garbage-first heap   total 76800K, used 59419K [0x00000000c4400000, 0x0000000100000000)
  region size 1024K, 37 young (37888K), 4 survivors (4096K)
 Metaspace       used 44582K, capacity 46447K, committed 46720K, reserved 1089536K
  class space    used 6037K, capacity 6772K, committed 6784K, reserved 1048576K
}
Event: 19,128 GC heap after
{Heap after GC invocations=22 (full 0):
 garbage-first heap   total 93184K, used 27422K [0x00000000c4400000, 0x0000000100000000)
  region size 1024K, 3 young (3072K), 3 survivors (3072K)
 Metaspace       used 44582K, capacity 46447K, committed 46720K, reserved 1089536K
  class space    used 6037K, capacity 6772K, committed 6784K, reserved 1048576K
}

