# JRE version: OpenJDK Runtime Environment (11.0.6+10) (build 11.0.6+10-post-Ubuntu-1ubuntu118.04.1)
# Java VM: OpenJDK 64-Bit Server VM (11.0.6+10-post-Ubuntu-1ubuntu118.04.1, mixed mode, sharing, tiered, compressed oops, g1 gc, linux-amd64)
Heap:
 garbage-first heap   total 140288K, used 88882K [0x00000000c4400000, 0x0000000100000000)
  region size 1024K, 69 young (70656K), 6 survivors (6144K)
 Metaspace       used 46792K, capacity 48709K, committed 48896K, reserved 1091584K
  class space    used 6300K, capacity 7060K, committed 7168K, reserved 1048576K
GC Heap History (20 events):
Event: 1,759 GC heap before
{Heap before GC invocations=6 (full 0):
 garbage-first heap   total 76800K, used 47225K [0x00000000c4400000, 0x0000000100000000)
  region size 1024K, 39 young (39936K), 4 survivors (4096K)
 Metaspace       used 17797K, capacity 18568K, committed 18816K, reserved 1064960K
  class space    used 2301K, capacity 2584K, committed 2688K, reserved 1048576K
}
Event: 1,764 GC heap after
{Heap after GC invocations=7 (full 0):
 garbage-first heap   total 76800K, used 11485K [0x00000000c4400000, 0x0000000100000000)
  region size 1024K, 2 young (2048K), 2 survivors (2048K)
 Metaspace       used 17797K, capacity 18568K, committed 18816K, reserved 1064960K
  class space    used 2301K, capacity 2584K, committed 2688K, reserved 1048576K
}
Event: 1,904 GC heap before
{Heap before GC invocations=7 (full 0):
 garbage-first heap   total 76800K, used 51421K [0x00000000c4400000, 0x0000000100000000)
  region size 1024K, 41 young (41984K), 2 survivors (2048K)
 Metaspace       used 17950K, capacity 18758K, committed 19072K, reserved 1064960K
  class space    used 2325K, capacity 2622K, committed 2688K, reserved 1048576K
}
Event: 1,906 GC heap after
{Heap after GC invocations=8 (full 0):
 garbage-first heap   total 76800K, used 11942K [0x00000000c4400000, 0x0000000100000000)
  region size 1024K, 3 young (3072K), 3 survivors (3072K)
 Metaspace       used 17950K, capacity 18758K, committed 19072K, reserved 1064960K
  class space    used 2325K, capacity 2622K, committed 2688K, reserved 1048576K
}
Event: 2,125 GC heap before
{Heap before GC invocations=8 (full 0):
 garbage-first heap   total 76800K, used 52902K [0x00000000c4400000, 0x0000000100000000)
  region size 1024K, 43 young (44032K), 3 survivors (3072K)
 Metaspace       used 18847K, capacity 19683K, committed 19968K, reserved 1067008K
  class space    used 2464K, capacity 2780K, committed 2816K, reserved 1048576K
}
Event: 2,129 GC heap after
{Heap after GC invocations=9 (full 0):
 garbage-first heap   total 76800K, used 12509K [0x00000000c4400000, 0x0000000100000000)
  region size 1024K, 3 young (3072K), 3 survivors (3072K)
 Metaspace       used 18847K, capacity 19683K, committed 19968K, reserved 1067008K
  class space    used 2464K, capacity 2780K, committed 2816K, reserved 1048576K
}
Event: 2,343 GC heap before
{Heap before GC invocations=9 (full 0):
 garbage-first heap   total 76800K, used 45277K [0x00000000c4400000, 0x0000000100000000)
  region size 1024K, 36 young (36864K), 3 survivors (3072K)
 Metaspace       used 20303K, capacity 21112K, committed 21248K, reserved 1067008K
  class space    used 2685K, capacity 2996K, committed 3072K, reserved 1048576K
}
Event: 2,351 GC heap after
{Heap after GC invocations=10 (full 0):
 garbage-first heap   total 76800K, used 13301K [0x00000000c4400000, 0x0000000100000000)
  region size 1024K, 4 young (4096K), 4 survivors (4096K)
 Metaspace       used 20303K, capacity 21112K, committed 21248K, reserved 1067008K
  class space    used 2685K, capacity 2996K, committed 3072K, reserved 1048576K
}
Event: 2,763 GC heap before
{Heap before GC invocations=11 (full 0):
 garbage-first heap   total 76800K, used 53237K [0x00000000c4400000, 0x0000000100000000)
  region size 1024K, 43 young (44032K), 4 survivors (4096K)
 Metaspace       used 23182K, capacity 24109K, committed 24448K, reserved 1071104K
  class space    used 3054K, capacity 3426K, committed 3456K, reserved 1048576K
}
Event: 2,776 GC heap after
{Heap after GC invocations=12 (full 0):
 garbage-first heap   total 92160K, used 14631K [0x00000000c4400000, 0x0000000100000000)
  region size 1024K, 5 young (5120K), 5 survivors (5120K)
 Metaspace       used 23182K, capacity 24109K, committed 24448K, reserved 1071104K
  class space    used 3054K, capacity 3426K, committed 3456K, reserved 1048576K
}
Event: 3,089 GC heap before
{Heap before GC invocations=12 (full 0):
 garbage-first heap   total 92160K, used 60711K [0x00000000c4400000, 0x0000000100000000)
  region size 1024K, 51 young (52224K), 5 survivors (5120K)
 Metaspace       used 26435K, capacity 27564K, committed 27776K, reserved 1073152K
  class space    used 3464K, capacity 3875K, committed 3968K, reserved 1048576K
}
Event: 3,098 GC heap after
{Heap after GC invocations=13 (full 0):
 garbage-first heap   total 92160K, used 16241K [0x00000000c4400000, 0x0000000100000000)
  region size 1024K, 6 young (6144K), 6 survivors (6144K)
 Metaspace       used 26435K, capacity 27564K, committed 27776K, reserved 1073152K
  class space    used 3464K, capacity 3875K, committed 3968K, reserved 1048576K
}
Event: 3,531 GC heap before
{Heap before GC invocations=13 (full 0):
 garbage-first heap   total 92160K, used 64369K [0x00000000c4400000, 0x0000000100000000)
  region size 1024K, 54 young (55296K), 6 survivors (6144K)
 Metaspace       used 30804K, capacity 32153K, committed 32384K, reserved 1077248K
  class space    used 4138K, capacity 4691K, committed 4736K, reserved 1048576K
}
Event: 3,541 GC heap after
{Heap after GC invocations=14 (full 0):
 garbage-first heap   total 92160K, used 18514K [0x00000000c4400000, 0x0000000100000000)
  region size 1024K, 6 young (6144K), 6 survivors (6144K)
 Metaspace       used 30804K, capacity 32153K, committed 32384K, reserved 1077248K
  class space    used 4138K, capacity 4691K, committed 4736K, reserved 1048576K
}
Event: 3,797 GC heap before
{Heap before GC invocations=14 (full 0):
 garbage-first heap   total 92160K, used 54354K [0x00000000c4400000, 0x0000000100000000)
  region size 1024K, 42 young (43008K), 6 survivors (6144K)
 Metaspace       used 34108K, capacity 35670K, committed 35840K, reserved 1079296K
  class space    used 4611K, capacity 5261K, committed 5376K, reserved 1048576K
}
Event: 3,817 GC heap after
{Heap after GC invocations=15 (full 0):
 garbage-first heap   total 92160K, used 21072K [0x00000000c4400000, 0x0000000100000000)
  region size 1024K, 5 young (5120K), 5 survivors (5120K)
 Metaspace       used 34108K, capacity 35670K, committed 35840K, reserved 1079296K
  class space    used 4611K, capacity 5261K, committed 5376K, reserved 1048576K
}
Event: 4,768 GC heap before
{Heap before GC invocations=16 (full 0):
 garbage-first heap   total 92160K, used 68176K [0x00000000c4400000, 0x0000000100000000)
  region size 1024K, 52 young (53248K), 5 survivors (5120K)
 Metaspace       used 38070K, capacity 39719K, committed 39936K, reserved 1083392K
  class space    used 5147K, capacity 5816K, committed 5888K, reserved 1048576K
}
Event: 4,774 GC heap after
{Heap after GC invocations=17 (full 0):
 garbage-first heap   total 140288K, used 23751K [0x00000000c4400000, 0x0000000100000000)
  region size 1024K, 6 young (6144K), 6 survivors (6144K)
 Metaspace       used 38070K, capacity 39719K, committed 39936K, reserved 1083392K
  class space    used 5147K, capacity 5816K, committed 5888K, reserved 1048576K
}
Event: 5,901 GC heap before
{Heap before GC invocations=17 (full 0):
 garbage-first heap   total 140288K, used 91335K [0x00000000c4400000, 0x0000000100000000)
  region size 1024K, 72 young (73728K), 6 survivors (6144K)
 Metaspace       used 42184K, capacity 43968K, committed 44160K, reserved 1087488K
  class space    used 5738K, capacity 6460K, committed 6528K, reserved 1048576K
}
Event: 5,907 GC heap after
{Heap after GC invocations=18 (full 0):
 garbage-first heap   total 140288K, used 26418K [0x00000000c4400000, 0x0000000100000000)
  region size 1024K, 6 young (6144K), 6 survivors (6144K)
 Metaspace       used 42184K, capacity 43968K, committed 44160K, reserved 1087488K
  class space    used 5738K, capacity 6460K, committed 6528K, reserved 1048576K
}

